<?xml version="1.0" encoding="UTF-8"?>
<testsuite name="com.ddia.ddia_labs.ch01.UserServiceTest" tests="1" skipped="0" failures="0" errors="0" timestamp="2025-12-28T11:17:43.651Z" hostname="sohee-MacBookPro" time="0.428">
  <properties/>
  <testcase name="첫 번째는 DB, 두 번째는 Redis에서 가져옴" classname="com.ddia.ddia_labs.ch01.UserServiceTest" time="0.428"/>
  <system-out><![CDATA[20:17:42.230 [Test worker] INFO org.springframework.test.context.support.AnnotationConfigContextLoaderUtils -- Could not detect default configuration classes for test class [com.ddia.ddia_labs.ch01.UserServiceTest]: UserServiceTest does not declare any static, non-private, non-final, nested classes annotated with @Configuration.
20:17:42.282 [Test worker] INFO org.springframework.boot.test.context.SpringBootTestContextBootstrapper -- Found @SpringBootConfiguration com.ddia.ddia_labs.DdiaLabsApplication for test class com.ddia.ddia_labs.ch01.UserServiceTest

  .   ____          _            __ _ _
 /\\ / ___'_ __ _ _(_)_ __  __ _ \ \ \ \
( ( )\___ | '_ | '_| | '_ \/ _` | \ \ \ \
 \\/  ___)| |_)| | | | | || (_| |  ) ) ) )
  '  |____| .__|_| |_|_| |_\__, | / / / /
 =========|_|==============|___/=/_/_/_/

 :: Spring Boot ::                (v3.5.8)

2025-12-28T20:17:42.426+09:00  INFO 13925 --- [ddia-labs] [    Test worker] c.ddia.ddia_labs.ch01.UserServiceTest    : Starting UserServiceTest using Java 17.0.17 with PID 13925 (started by kimsohee in /Users/kimsohee/Documents/GitHub/study-ddia)
2025-12-28T20:17:42.427+09:00  INFO 13925 --- [ddia-labs] [    Test worker] c.ddia.ddia_labs.ch01.UserServiceTest    : No active profile set, falling back to 1 default profile: "default"
2025-12-28T20:17:42.673+09:00  INFO 13925 --- [ddia-labs] [    Test worker] .s.d.r.c.RepositoryConfigurationDelegate : Multiple Spring Data modules found, entering strict repository configuration mode
2025-12-28T20:17:42.674+09:00  INFO 13925 --- [ddia-labs] [    Test worker] .s.d.r.c.RepositoryConfigurationDelegate : Bootstrapping Spring Data JPA repositories in DEFAULT mode.
2025-12-28T20:17:42.724+09:00  INFO 13925 --- [ddia-labs] [    Test worker] .s.d.r.c.RepositoryConfigurationDelegate : Finished Spring Data repository scanning in 46 ms. Found 1 JPA repository interface.
2025-12-28T20:17:42.731+09:00  INFO 13925 --- [ddia-labs] [    Test worker] .s.d.r.c.RepositoryConfigurationDelegate : Multiple Spring Data modules found, entering strict repository configuration mode
2025-12-28T20:17:42.732+09:00  INFO 13925 --- [ddia-labs] [    Test worker] .s.d.r.c.RepositoryConfigurationDelegate : Bootstrapping Spring Data Redis repositories in DEFAULT mode.
2025-12-28T20:17:42.737+09:00  INFO 13925 --- [ddia-labs] [    Test worker] .RepositoryConfigurationExtensionSupport : Spring Data Redis - Could not safely identify store assignment for repository candidate interface com.ddia.ddia_labs.ch01.UserRepository; If you want this repository to be a Redis repository, consider annotating your entities with one of these annotations: org.springframework.data.redis.core.RedisHash (preferred), or consider extending one of the following types with your repository: org.springframework.data.keyvalue.repository.KeyValueRepository
2025-12-28T20:17:42.737+09:00  INFO 13925 --- [ddia-labs] [    Test worker] .s.d.r.c.RepositoryConfigurationDelegate : Finished Spring Data repository scanning in 1 ms. Found 0 Redis repository interfaces.
2025-12-28T20:17:42.872+09:00  INFO 13925 --- [ddia-labs] [    Test worker] com.zaxxer.hikari.HikariDataSource       : HikariPool-1 - Starting...
2025-12-28T20:17:42.930+09:00  INFO 13925 --- [ddia-labs] [    Test worker] com.zaxxer.hikari.pool.HikariPool        : HikariPool-1 - Added connection conn0: url=jdbc:h2:mem:testdb user=SA
2025-12-28T20:17:42.931+09:00  INFO 13925 --- [ddia-labs] [    Test worker] com.zaxxer.hikari.HikariDataSource       : HikariPool-1 - Start completed.
2025-12-28T20:17:42.947+09:00  INFO 13925 --- [ddia-labs] [    Test worker] o.hibernate.jpa.internal.util.LogHelper  : HHH000204: Processing PersistenceUnitInfo [name: default]
2025-12-28T20:17:42.966+09:00  INFO 13925 --- [ddia-labs] [    Test worker] org.hibernate.Version                    : HHH000412: Hibernate ORM core version 6.6.36.Final
2025-12-28T20:17:42.977+09:00  INFO 13925 --- [ddia-labs] [    Test worker] o.h.c.internal.RegionFactoryInitiator    : HHH000026: Second-level cache disabled
2025-12-28T20:17:43.065+09:00  INFO 13925 --- [ddia-labs] [    Test worker] o.s.o.j.p.SpringPersistenceUnitInfo      : No LoadTimeWeaver setup: ignoring JPA class transformer
2025-12-28T20:17:43.083+09:00  WARN 13925 --- [ddia-labs] [    Test worker] org.hibernate.orm.deprecation            : HHH90000025: H2Dialect does not need to be specified explicitly using 'hibernate.dialect' (remove the property setting and it will be selected by default)
2025-12-28T20:17:43.088+09:00  INFO 13925 --- [ddia-labs] [    Test worker] org.hibernate.orm.connections.pooling    : HHH10001005: Database info:
	Database JDBC URL [Connecting through datasource 'HikariDataSource (HikariPool-1)']
	Database driver: undefined/unknown
	Database version: 2.3.232
	Autocommit mode: undefined/unknown
	Isolation level: undefined/unknown
	Minimum pool size: undefined/unknown
	Maximum pool size: undefined/unknown
2025-12-28T20:17:43.315+09:00  INFO 13925 --- [ddia-labs] [    Test worker] o.h.e.t.j.p.i.JtaPlatformInitiator       : HHH000489: No JTA platform available (set 'hibernate.transaction.jta.platform' to enable JTA platform integration)
2025-12-28T20:17:43.325+09:00  INFO 13925 --- [ddia-labs] [    Test worker] j.LocalContainerEntityManagerFactoryBean : Initialized JPA EntityManagerFactory for persistence unit 'default'
2025-12-28T20:17:43.494+09:00  WARN 13925 --- [ddia-labs] [    Test worker] JpaBaseConfiguration$JpaWebConfiguration : spring.jpa.open-in-view is enabled by default. Therefore, database queries may be performed during view rendering. Explicitly configure spring.jpa.open-in-view to disable this warning
2025-12-28T20:17:43.612+09:00  INFO 13925 --- [ddia-labs] [    Test worker] o.s.b.a.h2.H2ConsoleAutoConfiguration    : H2 console available at '/h2-console'. Database available at 'jdbc:h2:mem:testdb'
2025-12-28T20:17:43.644+09:00  INFO 13925 --- [ddia-labs] [    Test worker] c.ddia.ddia_labs.ch01.UserServiceTest    : Started UserServiceTest in 1.308 seconds (process running for 1.709)
1차 조회 시작
cached miss + db 조회 중: 1
-----------
2차 조회 시작
cached hit! redis에서 가져옴: 1
------------
]]></system-out>
  <system-err><![CDATA[]]></system-err>
</testsuite>
