<?xml version="1.0" encoding="UTF-8"?>
<testsuite name="com.ddia.ddia_labs.ch01.FeedServiceTest" tests="1" skipped="0" failures="0" errors="0" timestamp="2025-12-31T00:29:09.501Z" hostname="sohee-MacBookPro" time="0.438">
  <properties/>
  <testcase name="피드 조회: 내 우편함(Redis)을 열면 팔로우한 사람의 글이 보여야 한다" classname="com.ddia.ddia_labs.ch01.FeedServiceTest" time="0.438"/>
  <system-out><![CDATA[09:29:08.072 [Test worker] INFO org.springframework.test.context.support.AnnotationConfigContextLoaderUtils -- Could not detect default configuration classes for test class [com.ddia.ddia_labs.ch01.FeedServiceTest]: FeedServiceTest does not declare any static, non-private, non-final, nested classes annotated with @Configuration.
09:29:08.125 [Test worker] INFO org.springframework.boot.test.context.SpringBootTestContextBootstrapper -- Found @SpringBootConfiguration com.ddia.ddia_labs.DdiaLabsApplication for test class com.ddia.ddia_labs.ch01.FeedServiceTest

  .   ____          _            __ _ _
 /\\ / ___'_ __ _ _(_)_ __  __ _ \ \ \ \
( ( )\___ | '_ | '_| | '_ \/ _` | \ \ \ \
 \\/  ___)| |_)| | | | | || (_| |  ) ) ) )
  '  |____| .__|_| |_|_| |_\__, | / / / /
 =========|_|==============|___/=/_/_/_/

 :: Spring Boot ::                (v3.5.8)

2025-12-31T09:29:08.267+09:00  INFO 60645 --- [ddia-labs] [    Test worker] c.ddia.ddia_labs.ch01.FeedServiceTest    : Starting FeedServiceTest using Java 17.0.17 with PID 60645 (started by kimsohee in /Users/kimsohee/Documents/GitHub/study-ddia)
2025-12-31T09:29:08.268+09:00  INFO 60645 --- [ddia-labs] [    Test worker] c.ddia.ddia_labs.ch01.FeedServiceTest    : No active profile set, falling back to 1 default profile: "default"
2025-12-31T09:29:08.476+09:00  INFO 60645 --- [ddia-labs] [    Test worker] .s.d.r.c.RepositoryConfigurationDelegate : Multiple Spring Data modules found, entering strict repository configuration mode
2025-12-31T09:29:08.477+09:00  INFO 60645 --- [ddia-labs] [    Test worker] .s.d.r.c.RepositoryConfigurationDelegate : Bootstrapping Spring Data JPA repositories in DEFAULT mode.
2025-12-31T09:29:08.527+09:00  INFO 60645 --- [ddia-labs] [    Test worker] .s.d.r.c.RepositoryConfigurationDelegate : Finished Spring Data repository scanning in 46 ms. Found 3 JPA repository interfaces.
2025-12-31T09:29:08.534+09:00  INFO 60645 --- [ddia-labs] [    Test worker] .s.d.r.c.RepositoryConfigurationDelegate : Multiple Spring Data modules found, entering strict repository configuration mode
2025-12-31T09:29:08.534+09:00  INFO 60645 --- [ddia-labs] [    Test worker] .s.d.r.c.RepositoryConfigurationDelegate : Bootstrapping Spring Data Redis repositories in DEFAULT mode.
2025-12-31T09:29:08.539+09:00  INFO 60645 --- [ddia-labs] [    Test worker] .RepositoryConfigurationExtensionSupport : Spring Data Redis - Could not safely identify store assignment for repository candidate interface com.ddia.ddia_labs.ch01.FollowRepository; If you want this repository to be a Redis repository, consider annotating your entities with one of these annotations: org.springframework.data.redis.core.RedisHash (preferred), or consider extending one of the following types with your repository: org.springframework.data.keyvalue.repository.KeyValueRepository
2025-12-31T09:29:08.539+09:00  INFO 60645 --- [ddia-labs] [    Test worker] .RepositoryConfigurationExtensionSupport : Spring Data Redis - Could not safely identify store assignment for repository candidate interface com.ddia.ddia_labs.ch01.TweetRepository; If you want this repository to be a Redis repository, consider annotating your entities with one of these annotations: org.springframework.data.redis.core.RedisHash (preferred), or consider extending one of the following types with your repository: org.springframework.data.keyvalue.repository.KeyValueRepository
2025-12-31T09:29:08.539+09:00  INFO 60645 --- [ddia-labs] [    Test worker] .RepositoryConfigurationExtensionSupport : Spring Data Redis - Could not safely identify store assignment for repository candidate interface com.ddia.ddia_labs.ch01.UserRepository; If you want this repository to be a Redis repository, consider annotating your entities with one of these annotations: org.springframework.data.redis.core.RedisHash (preferred), or consider extending one of the following types with your repository: org.springframework.data.keyvalue.repository.KeyValueRepository
2025-12-31T09:29:08.539+09:00  INFO 60645 --- [ddia-labs] [    Test worker] .s.d.r.c.RepositoryConfigurationDelegate : Finished Spring Data repository scanning in 1 ms. Found 0 Redis repository interfaces.
2025-12-31T09:29:08.664+09:00  INFO 60645 --- [ddia-labs] [    Test worker] com.zaxxer.hikari.HikariDataSource       : HikariPool-1 - Starting...
2025-12-31T09:29:08.721+09:00  INFO 60645 --- [ddia-labs] [    Test worker] com.zaxxer.hikari.pool.HikariPool        : HikariPool-1 - Added connection conn0: url=jdbc:h2:mem:testdb user=SA
2025-12-31T09:29:08.721+09:00  INFO 60645 --- [ddia-labs] [    Test worker] com.zaxxer.hikari.HikariDataSource       : HikariPool-1 - Start completed.
2025-12-31T09:29:08.737+09:00  INFO 60645 --- [ddia-labs] [    Test worker] o.hibernate.jpa.internal.util.LogHelper  : HHH000204: Processing PersistenceUnitInfo [name: default]
2025-12-31T09:29:08.757+09:00  INFO 60645 --- [ddia-labs] [    Test worker] org.hibernate.Version                    : HHH000412: Hibernate ORM core version 6.6.36.Final
2025-12-31T09:29:08.769+09:00  INFO 60645 --- [ddia-labs] [    Test worker] o.h.c.internal.RegionFactoryInitiator    : HHH000026: Second-level cache disabled
2025-12-31T09:29:08.858+09:00  INFO 60645 --- [ddia-labs] [    Test worker] o.s.o.j.p.SpringPersistenceUnitInfo      : No LoadTimeWeaver setup: ignoring JPA class transformer
2025-12-31T09:29:08.875+09:00  WARN 60645 --- [ddia-labs] [    Test worker] org.hibernate.orm.deprecation            : HHH90000025: H2Dialect does not need to be specified explicitly using 'hibernate.dialect' (remove the property setting and it will be selected by default)
2025-12-31T09:29:08.880+09:00  INFO 60645 --- [ddia-labs] [    Test worker] org.hibernate.orm.connections.pooling    : HHH10001005: Database info:
	Database JDBC URL [Connecting through datasource 'HikariDataSource (HikariPool-1)']
	Database driver: undefined/unknown
	Database version: 2.3.232
	Autocommit mode: undefined/unknown
	Isolation level: undefined/unknown
	Minimum pool size: undefined/unknown
	Maximum pool size: undefined/unknown
2025-12-31T09:29:09.130+09:00  INFO 60645 --- [ddia-labs] [    Test worker] o.h.e.t.j.p.i.JtaPlatformInitiator       : HHH000489: No JTA platform available (set 'hibernate.transaction.jta.platform' to enable JTA platform integration)
2025-12-31T09:29:09.140+09:00  INFO 60645 --- [ddia-labs] [    Test worker] j.LocalContainerEntityManagerFactoryBean : Initialized JPA EntityManagerFactory for persistence unit 'default'
2025-12-31T09:29:09.356+09:00  WARN 60645 --- [ddia-labs] [    Test worker] JpaBaseConfiguration$JpaWebConfiguration : spring.jpa.open-in-view is enabled by default. Therefore, database queries may be performed during view rendering. Explicitly configure spring.jpa.open-in-view to disable this warning
2025-12-31T09:29:09.469+09:00  INFO 60645 --- [ddia-labs] [    Test worker] o.s.b.a.h2.H2ConsoleAutoConfiguration    : H2 console available at '/h2-console'. Database available at 'jdbc:h2:mem:testdb'
2025-12-31T09:29:09.497+09:00  INFO 60645 --- [ddia-labs] [    Test worker] c.ddia.ddia_labs.ch01.FeedServiceTest    : Started FeedServiceTest in 1.317 seconds (process running for 1.734)
]]></system-out>
  <system-err><![CDATA[]]></system-err>
</testsuite>
