<?xml version="1.0" encoding="UTF-8"?>
<testsuite name="com.ddia.ddia_labs.ch01.RedisConnectionTest" tests="1" skipped="0" failures="0" errors="0" timestamp="2025-12-20T12:43:33.123Z" hostname="sohee-MacBookPro" time="0.384">
  <properties/>
  <testcase name="redis에 데이터를 저장하고 조회한다" classname="com.ddia.ddia_labs.ch01.RedisConnectionTest" time="0.384"/>
  <system-out><![CDATA[21:43:31.582 [Test worker] INFO org.springframework.test.context.support.AnnotationConfigContextLoaderUtils -- Could not detect default configuration classes for test class [com.ddia.ddia_labs.ch01.RedisConnectionTest]: RedisConnectionTest does not declare any static, non-private, non-final, nested classes annotated with @Configuration.
21:43:31.633 [Test worker] INFO org.springframework.boot.test.context.SpringBootTestContextBootstrapper -- Found @SpringBootConfiguration com.ddia.ddia_labs.DdiaLabsApplication for test class com.ddia.ddia_labs.ch01.RedisConnectionTest

  .   ____          _            __ _ _
 /\\ / ___'_ __ _ _(_)_ __  __ _ \ \ \ \
( ( )\___ | '_ | '_| | '_ \/ _` | \ \ \ \
 \\/  ___)| |_)| | | | | || (_| |  ) ) ) )
  '  |____| .__|_| |_|_| |_\__, | / / / /
 =========|_|==============|___/=/_/_/_/

 :: Spring Boot ::                (v3.5.8)

2025-12-20T21:43:31.778+09:00  INFO 3101 --- [ddia-labs] [    Test worker] c.d.ddia_labs.ch01.RedisConnectionTest   : Starting RedisConnectionTest using Java 17.0.17 with PID 3101 (started by kimsohee in /Users/kimsohee/Documents/GitHub/study-ddia)
2025-12-20T21:43:31.779+09:00  INFO 3101 --- [ddia-labs] [    Test worker] c.d.ddia_labs.ch01.RedisConnectionTest   : No active profile set, falling back to 1 default profile: "default"
2025-12-20T21:43:32.018+09:00  INFO 3101 --- [ddia-labs] [    Test worker] .s.d.r.c.RepositoryConfigurationDelegate : Multiple Spring Data modules found, entering strict repository configuration mode
2025-12-20T21:43:32.019+09:00  INFO 3101 --- [ddia-labs] [    Test worker] .s.d.r.c.RepositoryConfigurationDelegate : Bootstrapping Spring Data JPA repositories in DEFAULT mode.
2025-12-20T21:43:32.074+09:00  INFO 3101 --- [ddia-labs] [    Test worker] .s.d.r.c.RepositoryConfigurationDelegate : Finished Spring Data repository scanning in 50 ms. Found 1 JPA repository interface.
2025-12-20T21:43:32.082+09:00  INFO 3101 --- [ddia-labs] [    Test worker] .s.d.r.c.RepositoryConfigurationDelegate : Multiple Spring Data modules found, entering strict repository configuration mode
2025-12-20T21:43:32.083+09:00  INFO 3101 --- [ddia-labs] [    Test worker] .s.d.r.c.RepositoryConfigurationDelegate : Bootstrapping Spring Data Redis repositories in DEFAULT mode.
2025-12-20T21:43:32.088+09:00  INFO 3101 --- [ddia-labs] [    Test worker] .RepositoryConfigurationExtensionSupport : Spring Data Redis - Could not safely identify store assignment for repository candidate interface com.ddia.ddia_labs.ch01.UserRepository; If you want this repository to be a Redis repository, consider annotating your entities with one of these annotations: org.springframework.data.redis.core.RedisHash (preferred), or consider extending one of the following types with your repository: org.springframework.data.keyvalue.repository.KeyValueRepository
2025-12-20T21:43:32.089+09:00  INFO 3101 --- [ddia-labs] [    Test worker] .s.d.r.c.RepositoryConfigurationDelegate : Finished Spring Data repository scanning in 2 ms. Found 0 Redis repository interfaces.
2025-12-20T21:43:32.232+09:00  INFO 3101 --- [ddia-labs] [    Test worker] com.zaxxer.hikari.HikariDataSource       : HikariPool-1 - Starting...
2025-12-20T21:43:32.295+09:00  INFO 3101 --- [ddia-labs] [    Test worker] com.zaxxer.hikari.pool.HikariPool        : HikariPool-1 - Added connection conn0: url=jdbc:h2:mem:testdb user=SA
2025-12-20T21:43:32.296+09:00  INFO 3101 --- [ddia-labs] [    Test worker] com.zaxxer.hikari.HikariDataSource       : HikariPool-1 - Start completed.
2025-12-20T21:43:32.312+09:00  INFO 3101 --- [ddia-labs] [    Test worker] o.hibernate.jpa.internal.util.LogHelper  : HHH000204: Processing PersistenceUnitInfo [name: default]
2025-12-20T21:43:32.334+09:00  INFO 3101 --- [ddia-labs] [    Test worker] org.hibernate.Version                    : HHH000412: Hibernate ORM core version 6.6.36.Final
2025-12-20T21:43:32.347+09:00  INFO 3101 --- [ddia-labs] [    Test worker] o.h.c.internal.RegionFactoryInitiator    : HHH000026: Second-level cache disabled
2025-12-20T21:43:32.447+09:00  INFO 3101 --- [ddia-labs] [    Test worker] o.s.o.j.p.SpringPersistenceUnitInfo      : No LoadTimeWeaver setup: ignoring JPA class transformer
2025-12-20T21:43:32.466+09:00  WARN 3101 --- [ddia-labs] [    Test worker] org.hibernate.orm.deprecation            : HHH90000025: H2Dialect does not need to be specified explicitly using 'hibernate.dialect' (remove the property setting and it will be selected by default)
2025-12-20T21:43:32.473+09:00  INFO 3101 --- [ddia-labs] [    Test worker] org.hibernate.orm.connections.pooling    : HHH10001005: Database info:
	Database JDBC URL [Connecting through datasource 'HikariDataSource (HikariPool-1)']
	Database driver: undefined/unknown
	Database version: 2.3.232
	Autocommit mode: undefined/unknown
	Isolation level: undefined/unknown
	Minimum pool size: undefined/unknown
	Maximum pool size: undefined/unknown
2025-12-20T21:43:32.731+09:00  INFO 3101 --- [ddia-labs] [    Test worker] o.h.e.t.j.p.i.JtaPlatformInitiator       : HHH000489: No JTA platform available (set 'hibernate.transaction.jta.platform' to enable JTA platform integration)
2025-12-20T21:43:32.743+09:00  INFO 3101 --- [ddia-labs] [    Test worker] j.LocalContainerEntityManagerFactoryBean : Initialized JPA EntityManagerFactory for persistence unit 'default'
2025-12-20T21:43:32.892+09:00  WARN 3101 --- [ddia-labs] [    Test worker] JpaBaseConfiguration$JpaWebConfiguration : spring.jpa.open-in-view is enabled by default. Therefore, database queries may be performed during view rendering. Explicitly configure spring.jpa.open-in-view to disable this warning
2025-12-20T21:43:33.084+09:00  INFO 3101 --- [ddia-labs] [    Test worker] o.s.b.a.h2.H2ConsoleAutoConfiguration    : H2 console available at '/h2-console'. Database available at 'jdbc:h2:mem:testdb'
2025-12-20T21:43:33.118+09:00  INFO 3101 --- [ddia-labs] [    Test worker] c.d.ddia_labs.ch01.RedisConnectionTest   : Started RedisConnectionTest in 1.428 seconds (process running for 1.822)
가져온 값: Stu CTO
]]></system-out>
  <system-err><![CDATA[]]></system-err>
</testsuite>
