<?xml version="1.0" encoding="UTF-8"?>
<testsuite name="com.ddia.ddia_labs.DdiaLabsApplicationTests" tests="1" skipped="0" failures="0" errors="0" timestamp="2025-12-17T15:39:10.409Z" hostname="sohee-MacBookPro" time="0.235">
  <properties/>
  <testcase name="contextLoads()" classname="com.ddia.ddia_labs.DdiaLabsApplicationTests" time="0.235"/>
  <system-out><![CDATA[00:39:09.178 [Test worker] INFO org.springframework.test.context.support.AnnotationConfigContextLoaderUtils -- Could not detect default configuration classes for test class [com.ddia.ddia_labs.DdiaLabsApplicationTests]: DdiaLabsApplicationTests does not declare any static, non-private, non-final, nested classes annotated with @Configuration.
00:39:09.217 [Test worker] INFO org.springframework.boot.test.context.SpringBootTestContextBootstrapper -- Found @SpringBootConfiguration com.ddia.ddia_labs.DdiaLabsApplication for test class com.ddia.ddia_labs.DdiaLabsApplicationTests

  .   ____          _            __ _ _
 /\\ / ___'_ __ _ _(_)_ __  __ _ \ \ \ \
( ( )\___ | '_ | '_| | '_ \/ _` | \ \ \ \
 \\/  ___)| |_)| | | | | || (_| |  ) ) ) )
  '  |____| .__|_| |_|_| |_\__, | / / / /
 =========|_|==============|___/=/_/_/_/

 :: Spring Boot ::                (v3.5.8)

2025-12-18T00:39:09.351+09:00  INFO 33279 --- [ddia-labs] [    Test worker] c.d.ddia_labs.DdiaLabsApplicationTests   : Starting DdiaLabsApplicationTests using Java 17.0.17 with PID 33279 (started by kimsohee in /Users/kimsohee/Documents/GitHub/study-ddia)
2025-12-18T00:39:09.352+09:00  INFO 33279 --- [ddia-labs] [    Test worker] c.d.ddia_labs.DdiaLabsApplicationTests   : No active profile set, falling back to 1 default profile: "default"
2025-12-18T00:39:09.582+09:00  INFO 33279 --- [ddia-labs] [    Test worker] .s.d.r.c.RepositoryConfigurationDelegate : Multiple Spring Data modules found, entering strict repository configuration mode
2025-12-18T00:39:09.582+09:00  INFO 33279 --- [ddia-labs] [    Test worker] .s.d.r.c.RepositoryConfigurationDelegate : Bootstrapping Spring Data JPA repositories in DEFAULT mode.
2025-12-18T00:39:09.590+09:00  INFO 33279 --- [ddia-labs] [    Test worker] .s.d.r.c.RepositoryConfigurationDelegate : Finished Spring Data repository scanning in 3 ms. Found 0 JPA repository interfaces.
2025-12-18T00:39:09.597+09:00  INFO 33279 --- [ddia-labs] [    Test worker] .s.d.r.c.RepositoryConfigurationDelegate : Multiple Spring Data modules found, entering strict repository configuration mode
2025-12-18T00:39:09.597+09:00  INFO 33279 --- [ddia-labs] [    Test worker] .s.d.r.c.RepositoryConfigurationDelegate : Bootstrapping Spring Data Redis repositories in DEFAULT mode.
2025-12-18T00:39:09.601+09:00  INFO 33279 --- [ddia-labs] [    Test worker] .s.d.r.c.RepositoryConfigurationDelegate : Finished Spring Data repository scanning in 0 ms. Found 0 Redis repository interfaces.
2025-12-18T00:39:09.741+09:00  INFO 33279 --- [ddia-labs] [    Test worker] com.zaxxer.hikari.HikariDataSource       : HikariPool-1 - Starting...
2025-12-18T00:39:09.806+09:00  INFO 33279 --- [ddia-labs] [    Test worker] com.zaxxer.hikari.pool.HikariPool        : HikariPool-1 - Added connection conn0: url=jdbc:h2:mem:c574d97a-de6c-4669-bc84-876d9ac89174 user=SA
2025-12-18T00:39:09.807+09:00  INFO 33279 --- [ddia-labs] [    Test worker] com.zaxxer.hikari.HikariDataSource       : HikariPool-1 - Start completed.
2025-12-18T00:39:09.825+09:00  INFO 33279 --- [ddia-labs] [    Test worker] o.hibernate.jpa.internal.util.LogHelper  : HHH000204: Processing PersistenceUnitInfo [name: default]
2025-12-18T00:39:09.846+09:00  INFO 33279 --- [ddia-labs] [    Test worker] org.hibernate.Version                    : HHH000412: Hibernate ORM core version 6.6.36.Final
2025-12-18T00:39:09.858+09:00  INFO 33279 --- [ddia-labs] [    Test worker] o.h.c.internal.RegionFactoryInitiator    : HHH000026: Second-level cache disabled
2025-12-18T00:39:09.950+09:00  INFO 33279 --- [ddia-labs] [    Test worker] o.s.o.j.p.SpringPersistenceUnitInfo      : No LoadTimeWeaver setup: ignoring JPA class transformer
2025-12-18T00:39:09.977+09:00  INFO 33279 --- [ddia-labs] [    Test worker] org.hibernate.orm.connections.pooling    : HHH10001005: Database info:
	Database JDBC URL [Connecting through datasource 'HikariDataSource (HikariPool-1)']
	Database driver: undefined/unknown
	Database version: 2.3.232
	Autocommit mode: undefined/unknown
	Isolation level: undefined/unknown
	Minimum pool size: undefined/unknown
	Maximum pool size: undefined/unknown
2025-12-18T00:39:10.085+09:00  INFO 33279 --- [ddia-labs] [    Test worker] o.h.e.t.j.p.i.JtaPlatformInitiator       : HHH000489: No JTA platform available (set 'hibernate.transaction.jta.platform' to enable JTA platform integration)
2025-12-18T00:39:10.087+09:00  INFO 33279 --- [ddia-labs] [    Test worker] j.LocalContainerEntityManagerFactoryBean : Initialized JPA EntityManagerFactory for persistence unit 'default'
2025-12-18T00:39:10.130+09:00  WARN 33279 --- [ddia-labs] [    Test worker] JpaBaseConfiguration$JpaWebConfiguration : spring.jpa.open-in-view is enabled by default. Therefore, database queries may be performed during view rendering. Explicitly configure spring.jpa.open-in-view to disable this warning
2025-12-18T00:39:10.404+09:00  INFO 33279 --- [ddia-labs] [    Test worker] c.d.ddia_labs.DdiaLabsApplicationTests   : Started DdiaLabsApplicationTests in 1.132 seconds (process running for 1.507)
]]></system-out>
  <system-err><![CDATA[]]></system-err>
</testsuite>
