<?xml version="1.0" encoding="UTF-8"?>
<testsuite name="com.ddia.ddia_labs.ch01.UserRepositoryTest" tests="1" skipped="0" failures="0" errors="0" timestamp="2025-12-19T00:56:33.193Z" hostname="sohee-MacBookPro" time="0.312">
  <properties/>
  <testcase name="유저를 저장하고 불러오면 같은 데이터야 한다!" classname="com.ddia.ddia_labs.ch01.UserRepositoryTest" time="0.312"/>
  <system-out><![CDATA[09:56:32.022 [Test worker] INFO org.springframework.test.context.support.AnnotationConfigContextLoaderUtils -- Could not detect default configuration classes for test class [com.ddia.ddia_labs.ch01.UserRepositoryTest]: UserRepositoryTest does not declare any static, non-private, non-final, nested classes annotated with @Configuration.
09:56:32.080 [Test worker] INFO org.springframework.boot.test.context.SpringBootTestContextBootstrapper -- Found @SpringBootConfiguration com.ddia.ddia_labs.DdiaLabsApplication for test class com.ddia.ddia_labs.ch01.UserRepositoryTest

  .   ____          _            __ _ _
 /\\ / ___'_ __ _ _(_)_ __  __ _ \ \ \ \
( ( )\___ | '_ | '_| | '_ \/ _` | \ \ \ \
 \\/  ___)| |_)| | | | | || (_| |  ) ) ) )
  '  |____| .__|_| |_|_| |_\__, | / / / /
 =========|_|==============|___/=/_/_/_/

 :: Spring Boot ::                (v3.5.8)

2025-12-19T09:56:32.236+09:00  INFO 5759 --- [ddia-labs] [    Test worker] c.d.ddia_labs.ch01.UserRepositoryTest    : Starting UserRepositoryTest using Java 17.0.17 with PID 5759 (started by kimsohee in /Users/kimsohee/Documents/GitHub/study-ddia)
2025-12-19T09:56:32.236+09:00  INFO 5759 --- [ddia-labs] [    Test worker] c.d.ddia_labs.ch01.UserRepositoryTest    : No active profile set, falling back to 1 default profile: "default"
2025-12-19T09:56:32.370+09:00  INFO 5759 --- [ddia-labs] [    Test worker] .s.d.r.c.RepositoryConfigurationDelegate : Multiple Spring Data modules found, entering strict repository configuration mode
2025-12-19T09:56:32.371+09:00  INFO 5759 --- [ddia-labs] [    Test worker] .s.d.r.c.RepositoryConfigurationDelegate : Bootstrapping Spring Data JPA repositories in DEFAULT mode.
2025-12-19T09:56:32.445+09:00  INFO 5759 --- [ddia-labs] [    Test worker] .s.d.r.c.RepositoryConfigurationDelegate : Finished Spring Data repository scanning in 67 ms. Found 1 JPA repository interface.
2025-12-19T09:56:32.470+09:00  INFO 5759 --- [ddia-labs] [    Test worker] beddedDataSourceBeanFactoryPostProcessor : Replacing 'dataSource' DataSource bean with embedded version
2025-12-19T09:56:32.504+09:00  INFO 5759 --- [ddia-labs] [    Test worker] o.s.j.d.e.EmbeddedDatabaseFactory        : Starting embedded database: url='jdbc:h2:mem:70a40721-18aa-45f5-8203-aabecfae9df4;DB_CLOSE_DELAY=-1;DB_CLOSE_ON_EXIT=false', username='sa'
2025-12-19T09:56:32.618+09:00  INFO 5759 --- [ddia-labs] [    Test worker] o.hibernate.jpa.internal.util.LogHelper  : HHH000204: Processing PersistenceUnitInfo [name: default]
2025-12-19T09:56:32.644+09:00  INFO 5759 --- [ddia-labs] [    Test worker] org.hibernate.Version                    : HHH000412: Hibernate ORM core version 6.6.36.Final
2025-12-19T09:56:32.658+09:00  INFO 5759 --- [ddia-labs] [    Test worker] o.h.c.internal.RegionFactoryInitiator    : HHH000026: Second-level cache disabled
2025-12-19T09:56:32.759+09:00  INFO 5759 --- [ddia-labs] [    Test worker] o.s.o.j.p.SpringPersistenceUnitInfo      : No LoadTimeWeaver setup: ignoring JPA class transformer
2025-12-19T09:56:32.798+09:00  INFO 5759 --- [ddia-labs] [    Test worker] org.hibernate.orm.connections.pooling    : HHH10001005: Database info:
	Database JDBC URL [Connecting through datasource 'org.springframework.jdbc.datasource.embedded.EmbeddedDatabaseFactory$EmbeddedDataSourceProxy@520a95ff']
	Database driver: undefined/unknown
	Database version: 2.3.232
	Autocommit mode: undefined/unknown
	Isolation level: undefined/unknown
	Minimum pool size: undefined/unknown
	Maximum pool size: undefined/unknown
2025-12-19T09:56:33.089+09:00  INFO 5759 --- [ddia-labs] [    Test worker] o.h.e.t.j.p.i.JtaPlatformInitiator       : HHH000489: No JTA platform available (set 'hibernate.transaction.jta.platform' to enable JTA platform integration)
Hibernate: drop table if exists users cascade 
Hibernate: create table users (id bigint generated by default as identity, name varchar(255), role varchar(255), primary key (id))
2025-12-19T09:56:33.101+09:00  INFO 5759 --- [ddia-labs] [    Test worker] j.LocalContainerEntityManagerFactoryBean : Initialized JPA EntityManagerFactory for persistence unit 'default'
2025-12-19T09:56:33.190+09:00  INFO 5759 --- [ddia-labs] [    Test worker] c.d.ddia_labs.ch01.UserRepositoryTest    : Started UserRepositoryTest in 1.059 seconds (process running for 1.459)
Hibernate: insert into users (name,role,id) values (?,?,default)
]]></system-out>
  <system-err><![CDATA[]]></system-err>
</testsuite>
